[0.658s] Invoking command in '/home/sushants/workspace/src/first_package': PYTHONPATH=/home/sushants/workspace/build/first_package/prefix_override:/home/sushants/workspace/install/first_package/lib/python3.10/site-packages:${PYTHONPATH} /usr/bin/python3 -W ignore:setup.py install is deprecated setup.py egg_info --egg-base ../../build/first_package build --build-base /home/sushants/workspace/build/first_package/build install --record /home/sushants/workspace/build/first_package/install.log --single-version-externally-managed install_data
[0.834s] running egg_info
[0.835s] creating ../../build/first_package/first_package.egg-info
[0.835s] writing ../../build/first_package/first_package.egg-info/PKG-INFO
[0.835s] writing dependency_links to ../../build/first_package/first_package.egg-info/dependency_links.txt
[0.836s] writing entry points to ../../build/first_package/first_package.egg-info/entry_points.txt
[0.836s] writing requirements to ../../build/first_package/first_package.egg-info/requires.txt
[0.836s] writing top-level names to ../../build/first_package/first_package.egg-info/top_level.txt
[0.837s] writing manifest file '../../build/first_package/first_package.egg-info/SOURCES.txt'
[0.838s] reading manifest file '../../build/first_package/first_package.egg-info/SOURCES.txt'
[0.839s] writing manifest file '../../build/first_package/first_package.egg-info/SOURCES.txt'
[0.840s] running build
[0.840s] running build_py
[0.840s] creating /home/sushants/workspace/build/first_package/build
[0.840s] creating /home/sushants/workspace/build/first_package/build/lib
[0.840s] creating /home/sushants/workspace/build/first_package/build/lib/first_package
[0.840s] copying first_package/subscriber.py -> /home/sushants/workspace/build/first_package/build/lib/first_package
[0.840s] copying first_package/__init__.py -> /home/sushants/workspace/build/first_package/build/lib/first_package
[0.840s] copying first_package/publisher.py -> /home/sushants/workspace/build/first_package/build/lib/first_package
[0.841s] running install
[0.841s] running install_lib
[0.841s] creating /home/sushants/workspace/install/first_package/lib/python3.10/site-packages/first_package
[0.842s] copying /home/sushants/workspace/build/first_package/build/lib/first_package/subscriber.py -> /home/sushants/workspace/install/first_package/lib/python3.10/site-packages/first_package
[0.842s] copying /home/sushants/workspace/build/first_package/build/lib/first_package/__init__.py -> /home/sushants/workspace/install/first_package/lib/python3.10/site-packages/first_package
[0.842s] copying /home/sushants/workspace/build/first_package/build/lib/first_package/publisher.py -> /home/sushants/workspace/install/first_package/lib/python3.10/site-packages/first_package
[0.843s] byte-compiling /home/sushants/workspace/install/first_package/lib/python3.10/site-packages/first_package/subscriber.py to subscriber.cpython-310.pyc
[0.843s] byte-compiling /home/sushants/workspace/install/first_package/lib/python3.10/site-packages/first_package/__init__.py to __init__.cpython-310.pyc
[0.843s] byte-compiling /home/sushants/workspace/install/first_package/lib/python3.10/site-packages/first_package/publisher.py to publisher.cpython-310.pyc
[0.844s] running install_data
[0.844s] creating /home/sushants/workspace/install/first_package/share/ament_index
[0.844s] creating /home/sushants/workspace/install/first_package/share/ament_index/resource_index
[0.844s] creating /home/sushants/workspace/install/first_package/share/ament_index/resource_index/packages
[0.844s] copying resource/first_package -> /home/sushants/workspace/install/first_package/share/ament_index/resource_index/packages
[0.844s] copying package.xml -> /home/sushants/workspace/install/first_package/share/first_package
[0.844s] running install_egg_info
[0.845s] Copying ../../build/first_package/first_package.egg-info to /home/sushants/workspace/install/first_package/lib/python3.10/site-packages/first_package-0.0.0-py3.10.egg-info
[0.846s] running install_scripts
[0.864s] Installing listener script to /home/sushants/workspace/install/first_package/lib/first_package
[0.864s] Installing talker script to /home/sushants/workspace/install/first_package/lib/first_package
[0.864s] writing list of installed files to '/home/sushants/workspace/build/first_package/install.log'
[0.882s] Invoked command in '/home/sushants/workspace/src/first_package' returned '0': PYTHONPATH=/home/sushants/workspace/build/first_package/prefix_override:/home/sushants/workspace/install/first_package/lib/python3.10/site-packages:${PYTHONPATH} /usr/bin/python3 -W ignore:setup.py install is deprecated setup.py egg_info --egg-base ../../build/first_package build --build-base /home/sushants/workspace/build/first_package/build install --record /home/sushants/workspace/build/first_package/install.log --single-version-externally-managed install_data
